2025-04-22 17:58:41.778  WARN 18164 --- [Thread-5] o.a.c.c.C.[.[localhost].[/ShopmeAdmin]   : Cannot serialize session attribute [SPRING_SECURITY_CONTEXT] for session [49FCA12773D2C75136D82D0C70937D5E]

java.io.NotSerializableException: com.dileep.shopme.common.entity.User
	at java.base/java.io.ObjectOutputStream.writeObject0(ObjectOutputStream.java:1200) ~[na:na]
	at java.base/java.io.ObjectOutputStream.defaultWriteFields(ObjectOutputStream.java:1585) ~[na:na]
	at java.base/java.io.ObjectOutputStream.writeSerialData(ObjectOutputStream.java:1542) ~[na:na]
	at java.base/java.io.ObjectOutputStream.writeOrdinaryObject(ObjectOutputStream.java:1451) ~[na:na]
	at java.base/java.io.ObjectOutputStream.writeObject0(ObjectOutputStream.java:1194) ~[na:na]
	at java.base/java.io.ObjectOutputStream.defaultWriteFields(ObjectOutputStream.java:1585) ~[na:na]
	at java.base/java.io.ObjectOutputStream.writeSerialData(ObjectOutputStream.java:1542) ~[na:na]
	at java.base/java.io.ObjectOutputStream.writeOrdinaryObject(ObjectOutputStream.java:1451) ~[na:na]
	at java.base/java.io.ObjectOutputStream.writeObject0(ObjectOutputStream.java:1194) ~[na:na]
	at java.base/java.io.ObjectOutputStream.defaultWriteFields(ObjectOutputStream.java:1585) ~[na:na]
	at java.base/java.io.ObjectOutputStream.writeSerialData(ObjectOutputStream.java:1542) ~[na:na]
	at java.base/java.io.ObjectOutputStream.writeOrdinaryObject(ObjectOutputStream.java:1451) ~[na:na]
	at java.base/java.io.ObjectOutputStream.writeObject0(ObjectOutputStream.java:1194) ~[na:na]
	at java.base/java.io.ObjectOutputStream.writeObject(ObjectOutputStream.java:358) ~[na:na]
	at org.apache.catalina.session.StandardSession.doWriteObject(StandardSession.java:1726) ~[tomcat-embed-core-9.0.65.jar:9.0.65]
	at org.apache.catalina.session.StandardSession.writeObjectData(StandardSession.java:1067) ~[tomcat-embed-core-9.0.65.jar:9.0.65]
	at org.apache.catalina.session.StandardManager.doUnload(StandardManager.java:317) ~[tomcat-embed-core-9.0.65.jar:9.0.65]
	at org.apache.catalina.session.StandardManager.unload(StandardManager.java:268) ~[tomcat-embed-core-9.0.65.jar:9.0.65]
	at org.apache.catalina.session.StandardManager.stopInternal(StandardManager.java:384) ~[tomcat-embed-core-9.0.65.jar:9.0.65]
	at org.apache.catalina.util.LifecycleBase.stop(LifecycleBase.java:257) ~[tomcat-embed-core-9.0.65.jar:9.0.65]
	at org.apache.catalina.core.StandardContext.stopInternal(StandardContext.java:5473) ~[tomcat-embed-core-9.0.65.jar:9.0.65]
	at org.apache.catalina.util.LifecycleBase.stop(LifecycleBase.java:257) ~[tomcat-embed-core-9.0.65.jar:9.0.65]
	at org.apache.catalina.core.ContainerBase$StopChild.call(ContainerBase.java:1412) ~[tomcat-embed-core-9.0.65.jar:9.0.65]
	at org.apache.catalina.core.ContainerBase$StopChild.call(ContainerBase.java:1401) ~[tomcat-embed-core-9.0.65.jar:9.0.65]
	at java.base/java.util.concurrent.FutureTask.run(FutureTask.java:317) ~[na:na]
	at org.apache.tomcat.util.threads.InlineExecutorService.execute(InlineExecutorService.java:75) ~[tomcat-embed-core-9.0.65.jar:9.0.65]
	at java.base/java.util.concurrent.AbstractExecutorService.submit(AbstractExecutorService.java:145) ~[na:na]
	at org.apache.catalina.core.ContainerBase.stopInternal(ContainerBase.java:986) ~[tomcat-embed-core-9.0.65.jar:9.0.65]
	at org.apache.catalina.util.LifecycleBase.stop(LifecycleBase.java:257) ~[tomcat-embed-core-9.0.65.jar:9.0.65]
	at org.apache.catalina.core.ContainerBase$StopChild.call(ContainerBase.java:1412) ~[tomcat-embed-core-9.0.65.jar:9.0.65]
	at org.apache.catalina.core.ContainerBase$StopChild.call(ContainerBase.java:1401) ~[tomcat-embed-core-9.0.65.jar:9.0.65]
	at java.base/java.util.concurrent.FutureTask.run(FutureTask.java:317) ~[na:na]
	at org.apache.tomcat.util.threads.InlineExecutorService.execute(InlineExecutorService.java:75) ~[tomcat-embed-core-9.0.65.jar:9.0.65]
	at java.base/java.util.concurrent.AbstractExecutorService.submit(AbstractExecutorService.java:145) ~[na:na]
	at org.apache.catalina.core.ContainerBase.stopInternal(ContainerBase.java:986) ~[tomcat-embed-core-9.0.65.jar:9.0.65]
	at org.apache.catalina.util.LifecycleBase.stop(LifecycleBase.java:257) ~[tomcat-embed-core-9.0.65.jar:9.0.65]
	at org.apache.catalina.core.StandardService.stopInternal(StandardService.java:497) ~[tomcat-embed-core-9.0.65.jar:9.0.65]
	at org.apache.catalina.util.LifecycleBase.stop(LifecycleBase.java:257) ~[tomcat-embed-core-9.0.65.jar:9.0.65]
	at org.apache.catalina.core.StandardServer.stopInternal(StandardServer.java:982) ~[tomcat-embed-core-9.0.65.jar:9.0.65]
	at org.apache.catalina.util.LifecycleBase.stop(LifecycleBase.java:257) ~[tomcat-embed-core-9.0.65.jar:9.0.65]
	at org.apache.catalina.startup.Tomcat.stop(Tomcat.java:496) ~[tomcat-embed-core-9.0.65.jar:9.0.65]
	at org.springframework.boot.web.embedded.tomcat.TomcatWebServer.stopTomcat(TomcatWebServer.java:273) ~[spring-boot-2.7.4.jar:2.7.4]
	at org.springframework.boot.web.embedded.tomcat.TomcatWebServer.stop(TomcatWebServer.java:331) ~[spring-boot-2.7.4.jar:2.7.4]
	at org.springframework.boot.web.servlet.context.WebServerStartStopLifecycle.stop(WebServerStartStopLifecycle.java:52) ~[spring-boot-2.7.4.jar:2.7.4]
	at org.springframework.context.SmartLifecycle.stop(SmartLifecycle.java:117) ~[spring-context-5.3.23.jar:5.3.23]
	at org.springframework.context.support.DefaultLifecycleProcessor.doStop(DefaultLifecycleProcessor.java:234) ~[spring-context-5.3.23.jar:5.3.23]
	at org.springframework.context.support.DefaultLifecycleProcessor.access$300(DefaultLifecycleProcessor.java:54) ~[spring-context-5.3.23.jar:5.3.23]
	at org.springframework.context.support.DefaultLifecycleProcessor$LifecycleGroup.stop(DefaultLifecycleProcessor.java:373) ~[spring-context-5.3.23.jar:5.3.23]
	at org.springframework.context.support.DefaultLifecycleProcessor.stopBeans(DefaultLifecycleProcessor.java:206) ~[spring-context-5.3.23.jar:5.3.23]
	at org.springframework.context.support.DefaultLifecycleProcessor.onClose(DefaultLifecycleProcessor.java:129) ~[spring-context-5.3.23.jar:5.3.23]
	at org.springframework.context.support.AbstractApplicationContext.doClose(AbstractApplicationContext.java:1067) ~[spring-context-5.3.23.jar:5.3.23]
	at org.springframework.boot.web.servlet.context.ServletWebServerApplicationContext.doClose(ServletWebServerApplicationContext.java:174) ~[spring-boot-2.7.4.jar:2.7.4]
	at org.springframework.context.support.AbstractApplicationContext.close(AbstractApplicationContext.java:1021) ~[spring-context-5.3.23.jar:5.3.23]
	at org.springframework.boot.devtools.restart.Restarter.stop(Restarter.java:309) ~[spring-boot-devtools-2.7.4.jar:2.7.4]
	at org.springframework.boot.devtools.restart.Restarter.lambda$restart$1(Restarter.java:251) ~[spring-boot-devtools-2.7.4.jar:2.7.4]
	at org.springframework.boot.devtools.restart.Restarter$LeakSafeThread.run(Restarter.java:629) ~[spring-boot-devtools-2.7.4.jar:2.7.4]

2025-04-22 17:58:41.784  WARN 18164 --- [Thread-5] o.a.c.loader.WebappClassLoaderBase       : The web application [ShopmeAdmin] appears to have started a thread named [logback-4] but has failed to stop it. This is very likely to create a memory leak. Stack trace of thread:
 java.base/jdk.internal.misc.Unsafe.park(Native Method)
 java.base/java.util.concurrent.locks.LockSupport.park(LockSupport.java:371)
 java.base/java.util.concurrent.locks.AbstractQueuedSynchronizer$ConditionNode.block(AbstractQueuedSynchronizer.java:519)
 java.base/java.util.concurrent.ForkJoinPool.unmanagedBlock(ForkJoinPool.java:3780)
 java.base/java.util.concurrent.ForkJoinPool.managedBlock(ForkJoinPool.java:3725)
 java.base/java.util.concurrent.locks.AbstractQueuedSynchronizer$ConditionObject.await(AbstractQueuedSynchronizer.java:1712)
 java.base/java.util.concurrent.ScheduledThreadPoolExecutor$DelayedWorkQueue.take(ScheduledThreadPoolExecutor.java:1170)
 java.base/java.util.concurrent.ScheduledThreadPoolExecutor$DelayedWorkQueue.take(ScheduledThreadPoolExecutor.java:899)
 java.base/java.util.concurrent.ThreadPoolExecutor.getTask(ThreadPoolExecutor.java:1070)
 java.base/java.util.concurrent.ThreadPoolExecutor.runWorker(ThreadPoolExecutor.java:1130)
 java.base/java.util.concurrent.ThreadPoolExecutor$Worker.run(ThreadPoolExecutor.java:642)
 java.base/java.lang.Thread.run(Thread.java:1583)
2025-04-22 17:58:41.793  INFO 18164 --- [Thread-5] j.LocalContainerEntityManagerFactoryBean : Closing JPA EntityManagerFactory for persistence unit 'default'
2025-04-22 17:58:41.798  INFO 18164 --- [Thread-5] com.zaxxer.hikari.HikariDataSource       : HikariPool-1 - Shutdown initiated...
2025-04-22 17:58:41.812  INFO 18164 --- [Thread-5] com.zaxxer.hikari.HikariDataSource       : HikariPool-1 - Shutdown completed.
2025-04-22 17:58:41.912  INFO 18164 --- [restartedMain] c.d.s.admin.ShopmeBackEndApplication     : Starting ShopmeBackEndApplication using Java 21.0.6 on INFYDILE with PID 18164 (D:\dileep\DileepBackup\Project\shopme-master\shopme-master\ShopmeProject\ShopmeWebParent\ShopmeBackEnd\target\classes started by infyshine in D:\dileep\DileepBackup\Project\shopme-master\shopme-master\ShopmeProject\ShopmeWebParent\ShopmeBackEnd)
2025-04-22 17:58:41.912  INFO 18164 --- [restartedMain] c.d.s.admin.ShopmeBackEndApplication     : No active profile set, falling back to 1 default profile: "default"
2025-04-22 17:58:42.086  INFO 18164 --- [restartedMain] .s.d.r.c.RepositoryConfigurationDelegate : Bootstrapping Spring Data JPA repositories in DEFAULT mode.
2025-04-22 17:58:42.098  INFO 18164 --- [restartedMain] .s.d.r.c.RepositoryConfigurationDelegate : Finished Spring Data repository scanning in 11 ms. Found 2 JPA repository interfaces.
2025-04-22 17:58:42.217  INFO 18164 --- [restartedMain] o.s.b.w.embedded.tomcat.TomcatWebServer  : Tomcat initialized with port(s): 8005 (http)
2025-04-22 17:58:42.218  INFO 18164 --- [restartedMain] o.apache.catalina.core.StandardService   : Starting service [Tomcat]
2025-04-22 17:58:42.218  INFO 18164 --- [restartedMain] org.apache.catalina.core.StandardEngine  : Starting Servlet engine: [Apache Tomcat/9.0.65]
2025-04-22 17:58:42.235  INFO 18164 --- [restartedMain] o.a.c.c.C.[.[localhost].[/ShopmeAdmin]   : Initializing Spring embedded WebApplicationContext
2025-04-22 17:58:42.235  INFO 18164 --- [restartedMain] w.s.c.ServletWebServerApplicationContext : Root WebApplicationContext: initialization completed in 318 ms
2025-04-22 17:58:42.271  WARN 18164 --- [restartedMain] o.a.c.c.C.[.[localhost].[/ShopmeAdmin]   : Cannot deserialize session attribute [SPRING_SECURITY_CONTEXT] for session [49FCA12773D2C75136D82D0C70937D5E]
2025-04-22 17:58:42.318  INFO 18164 --- [restartedMain] o.hibernate.jpa.internal.util.LogHelper  : HHH000204: Processing PersistenceUnitInfo [name: default]
2025-04-22 17:58:42.324  INFO 18164 --- [restartedMain] com.zaxxer.hikari.HikariDataSource       : HikariPool-2 - Starting...
2025-04-22 17:58:42.342  INFO 18164 --- [restartedMain] com.zaxxer.hikari.HikariDataSource       : HikariPool-2 - Start completed.
2025-04-22 17:58:42.343  INFO 18164 --- [restartedMain] org.hibernate.dialect.Dialect            : HHH000400: Using dialect: org.hibernate.dialect.MySQL8Dialect
2025-04-22 17:58:42.530  INFO 18164 --- [restartedMain] o.h.e.t.j.p.i.JtaPlatformInitiator       : HHH000490: Using JtaPlatform implementation: [org.hibernate.engine.transaction.jta.platform.internal.NoJtaPlatform]
2025-04-22 17:58:42.531  INFO 18164 --- [restartedMain] j.LocalContainerEntityManagerFactoryBean : Initialized JPA EntityManagerFactory for persistence unit 'default'
2025-04-22 17:58:42.558  WARN 18164 --- [restartedMain] JpaBaseConfiguration$JpaWebConfiguration : spring.jpa.open-in-view is enabled by default. Therefore, database queries may be performed during view rendering. Explicitly configure spring.jpa.open-in-view to disable this warning
2025-04-22 17:58:42.664  WARN 18164 --- [restartedMain] o.s.s.c.a.web.builders.WebSecurity       : You are asking Spring Security to ignore Ant [pattern='/images/**']. This is not recommended -- please use permitAll via HttpSecurity#authorizeHttpRequests instead.
2025-04-22 17:58:42.665  INFO 18164 --- [restartedMain] o.s.s.web.DefaultSecurityFilterChain     : Will not secure Ant [pattern='/images/**']
2025-04-22 17:58:42.665  WARN 18164 --- [restartedMain] o.s.s.c.a.web.builders.WebSecurity       : You are asking Spring Security to ignore Ant [pattern='/js/**']. This is not recommended -- please use permitAll via HttpSecurity#authorizeHttpRequests instead.
2025-04-22 17:58:42.665  INFO 18164 --- [restartedMain] o.s.s.web.DefaultSecurityFilterChain     : Will not secure Ant [pattern='/js/**']
2025-04-22 17:58:42.665  WARN 18164 --- [restartedMain] o.s.s.c.a.web.builders.WebSecurity       : You are asking Spring Security to ignore Ant [pattern='/webjars/**']. This is not recommended -- please use permitAll via HttpSecurity#authorizeHttpRequests instead.
2025-04-22 17:58:42.665  INFO 18164 --- [restartedMain] o.s.s.web.DefaultSecurityFilterChain     : Will not secure Ant [pattern='/webjars/**']
2025-04-22 17:58:42.675  INFO 18164 --- [restartedMain] o.s.s.web.DefaultSecurityFilterChain     : Will secure any request with [org.springframework.security.web.session.DisableEncodeUrlFilter@6b55ba9d, org.springframework.security.web.context.request.async.WebAsyncManagerIntegrationFilter@f7e372c, org.springframework.security.web.context.SecurityContextPersistenceFilter@3e7dc7d3, org.springframework.security.web.header.HeaderWriterFilter@27e6740d, org.springframework.security.web.csrf.CsrfFilter@7187c977, org.springframework.security.web.authentication.logout.LogoutFilter@b8f2837, org.springframework.security.web.authentication.UsernamePasswordAuthenticationFilter@2569d2cb, org.springframework.security.web.savedrequest.RequestCacheAwareFilter@4d959a1d, org.springframework.security.web.servletapi.SecurityContextHolderAwareRequestFilter@5947d9be, org.springframework.security.web.authentication.rememberme.RememberMeAuthenticationFilter@2770ce0d, org.springframework.security.web.authentication.AnonymousAuthenticationFilter@64ea4382, org.springframework.security.web.session.SessionManagementFilter@717e64fa, org.springframework.security.web.access.ExceptionTranslationFilter@79114140, org.springframework.security.web.access.intercept.FilterSecurityInterceptor@5f376f14]
2025-04-22 17:58:42.729  INFO 18164 --- [restartedMain] o.s.b.a.w.s.WelcomePageHandlerMapping    : Adding welcome page template: index
2025-04-22 17:58:43.041  INFO 18164 --- [restartedMain] o.s.b.d.a.OptionalLiveReloadServer       : LiveReload server is running on port 35729
2025-04-22 17:58:43.053  INFO 18164 --- [restartedMain] o.s.b.w.embedded.tomcat.TomcatWebServer  : Tomcat started on port(s): 8005 (http) with context path '/ShopmeAdmin'
2025-04-22 17:58:43.058  INFO 18164 --- [restartedMain] c.d.s.admin.ShopmeBackEndApplication     : Started ShopmeBackEndApplication in 1.179 seconds (JVM running for 370.9)
2025-04-22 17:58:43.060  INFO 18164 --- [restartedMain] .ConditionEvaluationDeltaLoggingListener : Condition evaluation unchanged
2025-04-22 17:58:52.633  INFO 18164 --- [File Watcher] rtingClassPathChangeChangedEventListener : Restarting due to 1 class path change (0 additions, 0 deletions, 1 modification)
2025-04-22 17:58:52.639  INFO 18164 --- [Thread-7] o.apache.catalina.core.StandardService   : Stopping service [Tomcat]
2025-04-22 17:58:52.650  INFO 18164 --- [Thread-7] j.LocalContainerEntityManagerFactoryBean : Closing JPA EntityManagerFactory for persistence unit 'default'
2025-04-22 17:58:52.651  INFO 18164 --- [Thread-7] com.zaxxer.hikari.HikariDataSource       : HikariPool-2 - Shutdown initiated...
2025-04-22 17:58:52.662  INFO 18164 --- [Thread-7] com.zaxxer.hikari.HikariDataSource       : HikariPool-2 - Shutdown completed.
2025-04-22 17:58:52.752  INFO 18164 --- [restartedMain] c.d.s.admin.ShopmeBackEndApplication     : Starting ShopmeBackEndApplication using Java 21.0.6 on INFYDILE with PID 18164 (D:\dileep\DileepBackup\Project\shopme-master\shopme-master\ShopmeProject\ShopmeWebParent\ShopmeBackEnd\target\classes started by infyshine in D:\dileep\DileepBackup\Project\shopme-master\shopme-master\ShopmeProject\ShopmeWebParent\ShopmeBackEnd)
2025-04-22 17:58:52.753  INFO 18164 --- [restartedMain] c.d.s.admin.ShopmeBackEndApplication     : No active profile set, falling back to 1 default profile: "default"
2025-04-22 17:58:52.917  INFO 18164 --- [restartedMain] .s.d.r.c.RepositoryConfigurationDelegate : Bootstrapping Spring Data JPA repositories in DEFAULT mode.
2025-04-22 17:58:52.928  INFO 18164 --- [restartedMain] .s.d.r.c.RepositoryConfigurationDelegate : Finished Spring Data repository scanning in 11 ms. Found 2 JPA repository interfaces.
2025-04-22 17:58:53.011  INFO 18164 --- [restartedMain] o.s.b.w.embedded.tomcat.TomcatWebServer  : Tomcat initialized with port(s): 8005 (http)
2025-04-22 17:58:53.012  INFO 18164 --- [restartedMain] o.apache.catalina.core.StandardService   : Starting service [Tomcat]
2025-04-22 17:58:53.013  INFO 18164 --- [restartedMain] org.apache.catalina.core.StandardEngine  : Starting Servlet engine: [Apache Tomcat/9.0.65]
2025-04-22 17:58:53.032  INFO 18164 --- [restartedMain] o.a.c.c.C.[.[localhost].[/ShopmeAdmin]   : Initializing Spring embedded WebApplicationContext
2025-04-22 17:58:53.032  INFO 18164 --- [restartedMain] w.s.c.ServletWebServerApplicationContext : Root WebApplicationContext: initialization completed in 277 ms
2025-04-22 17:58:53.081  INFO 18164 --- [restartedMain] o.hibernate.jpa.internal.util.LogHelper  : HHH000204: Processing PersistenceUnitInfo [name: default]
2025-04-22 17:58:53.085  INFO 18164 --- [restartedMain] com.zaxxer.hikari.HikariDataSource       : HikariPool-3 - Starting...
2025-04-22 17:58:53.100  INFO 18164 --- [restartedMain] com.zaxxer.hikari.HikariDataSource       : HikariPool-3 - Start completed.
2025-04-22 17:58:53.100  INFO 18164 --- [restartedMain] org.hibernate.dialect.Dialect            : HHH000400: Using dialect: org.hibernate.dialect.MySQL8Dialect
2025-04-22 17:58:53.230  INFO 18164 --- [restartedMain] o.h.e.t.j.p.i.JtaPlatformInitiator       : HHH000490: Using JtaPlatform implementation: [org.hibernate.engine.transaction.jta.platform.internal.NoJtaPlatform]
2025-04-22 17:58:53.231  INFO 18164 --- [restartedMain] j.LocalContainerEntityManagerFactoryBean : Initialized JPA EntityManagerFactory for persistence unit 'default'
2025-04-22 17:58:53.255  WARN 18164 --- [restartedMain] JpaBaseConfiguration$JpaWebConfiguration : spring.jpa.open-in-view is enabled by default. Therefore, database queries may be performed during view rendering. Explicitly configure spring.jpa.open-in-view to disable this warning
2025-04-22 17:58:53.396  WARN 18164 --- [restartedMain] o.s.s.c.a.web.builders.WebSecurity       : You are asking Spring Security to ignore Ant [pattern='/images/**']. This is not recommended -- please use permitAll via HttpSecurity#authorizeHttpRequests instead.
2025-04-22 17:58:53.396  INFO 18164 --- [restartedMain] o.s.s.web.DefaultSecurityFilterChain     : Will not secure Ant [pattern='/images/**']
2025-04-22 17:58:53.396  WARN 18164 --- [restartedMain] o.s.s.c.a.web.builders.WebSecurity       : You are asking Spring Security to ignore Ant [pattern='/js/**']. This is not recommended -- please use permitAll via HttpSecurity#authorizeHttpRequests instead.
2025-04-22 17:58:53.397  INFO 18164 --- [restartedMain] o.s.s.web.DefaultSecurityFilterChain     : Will not secure Ant [pattern='/js/**']
2025-04-22 17:58:53.397  WARN 18164 --- [restartedMain] o.s.s.c.a.web.builders.WebSecurity       : You are asking Spring Security to ignore Ant [pattern='/webjars/**']. This is not recommended -- please use permitAll via HttpSecurity#authorizeHttpRequests instead.
2025-04-22 17:58:53.397  INFO 18164 --- [restartedMain] o.s.s.web.DefaultSecurityFilterChain     : Will not secure Ant [pattern='/webjars/**']
2025-04-22 17:58:53.405  INFO 18164 --- [restartedMain] o.s.s.web.DefaultSecurityFilterChain     : Will secure any request with [org.springframework.security.web.session.DisableEncodeUrlFilter@684cfcc6, org.springframework.security.web.context.request.async.WebAsyncManagerIntegrationFilter@34b43344, org.springframework.security.web.context.SecurityContextPersistenceFilter@328e387a, org.springframework.security.web.header.HeaderWriterFilter@3442bb0f, org.springframework.security.web.csrf.CsrfFilter@7ed95ed9, org.springframework.security.web.authentication.logout.LogoutFilter@49b5b5d3, org.springframework.security.web.authentication.UsernamePasswordAuthenticationFilter@6b09ca5c, org.springframework.security.web.savedrequest.RequestCacheAwareFilter@1306f33, org.springframework.security.web.servletapi.SecurityContextHolderAwareRequestFilter@208b26d9, org.springframework.security.web.authentication.rememberme.RememberMeAuthenticationFilter@38836d84, org.springframework.security.web.authentication.AnonymousAuthenticationFilter@11ca54a4, org.springframework.security.web.session.SessionManagementFilter@61581f7, org.springframework.security.web.access.ExceptionTranslationFilter@68eb6cd4, org.springframework.security.web.access.intercept.FilterSecurityInterceptor@60578e6d]
2025-04-22 17:58:53.445  INFO 18164 --- [restartedMain] o.s.b.a.w.s.WelcomePageHandlerMapping    : Adding welcome page template: index
2025-04-22 17:58:55.717  INFO 6776 --- [restartedMain] c.d.s.admin.ShopmeBackEndApplication     : Starting ShopmeBackEndApplication using Java 21.0.6 on INFYDILE with PID 6776 (D:\dileep\DileepBackup\Project\shopme-master\shopme-master\ShopmeProject\ShopmeWebParent\ShopmeBackEnd\target\classes started by infyshine in D:\dileep\DileepBackup\Project\shopme-master\shopme-master\ShopmeProject\ShopmeWebParent\ShopmeBackEnd)
2025-04-22 17:58:55.718  INFO 6776 --- [restartedMain] c.d.s.admin.ShopmeBackEndApplication     : No active profile set, falling back to 1 default profile: "default"
2025-04-22 17:58:55.811  INFO 6776 --- [restartedMain] .e.DevToolsPropertyDefaultsPostProcessor : Devtools property defaults active! Set 'spring.devtools.add-properties' to 'false' to disable
2025-04-22 17:58:55.811  INFO 6776 --- [restartedMain] .e.DevToolsPropertyDefaultsPostProcessor : For additional web related logging consider setting the 'logging.level.web' property to 'DEBUG'
2025-04-22 17:58:56.658  INFO 6776 --- [restartedMain] .s.d.r.c.RepositoryConfigurationDelegate : Bootstrapping Spring Data JPA repositories in DEFAULT mode.
2025-04-22 17:58:56.729  INFO 6776 --- [restartedMain] .s.d.r.c.RepositoryConfigurationDelegate : Finished Spring Data repository scanning in 60 ms. Found 2 JPA repository interfaces.
2025-04-22 17:58:57.566  INFO 6776 --- [restartedMain] o.s.b.w.embedded.tomcat.TomcatWebServer  : Tomcat initialized with port(s): 8005 (http)
2025-04-22 17:58:57.580  INFO 6776 --- [restartedMain] o.apache.catalina.core.StandardService   : Starting service [Tomcat]
2025-04-22 17:58:57.581  INFO 6776 --- [restartedMain] org.apache.catalina.core.StandardEngine  : Starting Servlet engine: [Apache Tomcat/9.0.65]
2025-04-22 17:58:57.699  INFO 6776 --- [restartedMain] o.a.c.c.C.[.[localhost].[/ShopmeAdmin]   : Initializing Spring embedded WebApplicationContext
2025-04-22 17:58:57.699  INFO 6776 --- [restartedMain] w.s.c.ServletWebServerApplicationContext : Root WebApplicationContext: initialization completed in 1886 ms
2025-04-22 17:58:57.929  INFO 6776 --- [restartedMain] o.hibernate.jpa.internal.util.LogHelper  : HHH000204: Processing PersistenceUnitInfo [name: default]
2025-04-22 17:58:57.991  INFO 6776 --- [restartedMain] org.hibernate.Version                    : HHH000412: Hibernate ORM core version 5.6.11.Final
2025-04-22 17:58:58.231  INFO 6776 --- [restartedMain] o.hibernate.annotations.common.Version   : HCANN000001: Hibernate Commons Annotations {5.1.2.Final}
2025-04-22 17:58:58.358  INFO 6776 --- [restartedMain] com.zaxxer.hikari.HikariDataSource       : HikariPool-1 - Starting...
2025-04-22 17:58:58.822  INFO 6776 --- [restartedMain] com.zaxxer.hikari.HikariDataSource       : HikariPool-1 - Start completed.
2025-04-22 17:58:58.849  INFO 6776 --- [restartedMain] org.hibernate.dialect.Dialect            : HHH000400: Using dialect: org.hibernate.dialect.MySQL8Dialect
2025-04-22 17:58:59.800  INFO 6776 --- [restartedMain] o.h.e.t.j.p.i.JtaPlatformInitiator       : HHH000490: Using JtaPlatform implementation: [org.hibernate.engine.transaction.jta.platform.internal.NoJtaPlatform]
2025-04-22 17:58:59.812  INFO 6776 --- [restartedMain] j.LocalContainerEntityManagerFactoryBean : Initialized JPA EntityManagerFactory for persistence unit 'default'
2025-04-22 17:58:59.889  WARN 6776 --- [restartedMain] JpaBaseConfiguration$JpaWebConfiguration : spring.jpa.open-in-view is enabled by default. Therefore, database queries may be performed during view rendering. Explicitly configure spring.jpa.open-in-view to disable this warning
2025-04-22 17:59:00.674  WARN 6776 --- [restartedMain] o.s.s.c.a.web.builders.WebSecurity       : You are asking Spring Security to ignore Ant [pattern='/images/**']. This is not recommended -- please use permitAll via HttpSecurity#authorizeHttpRequests instead.
2025-04-22 17:59:00.675  INFO 6776 --- [restartedMain] o.s.s.web.DefaultSecurityFilterChain     : Will not secure Ant [pattern='/images/**']
2025-04-22 17:59:00.677  WARN 6776 --- [restartedMain] o.s.s.c.a.web.builders.WebSecurity       : You are asking Spring Security to ignore Ant [pattern='/js/**']. This is not recommended -- please use permitAll via HttpSecurity#authorizeHttpRequests instead.
2025-04-22 17:59:00.677  INFO 6776 --- [restartedMain] o.s.s.web.DefaultSecurityFilterChain     : Will not secure Ant [pattern='/js/**']
2025-04-22 17:59:00.677  WARN 6776 --- [restartedMain] o.s.s.c.a.web.builders.WebSecurity       : You are asking Spring Security to ignore Ant [pattern='/webjars/**']. This is not recommended -- please use permitAll via HttpSecurity#authorizeHttpRequests instead.
2025-04-22 17:59:00.678  INFO 6776 --- [restartedMain] o.s.s.web.DefaultSecurityFilterChain     : Will not secure Ant [pattern='/webjars/**']
2025-04-22 17:59:00.736  INFO 6776 --- [restartedMain] o.s.s.web.DefaultSecurityFilterChain     : Will secure any request with [org.springframework.security.web.session.DisableEncodeUrlFilter@3444e178, org.springframework.security.web.context.request.async.WebAsyncManagerIntegrationFilter@48ef3193, org.springframework.security.web.context.SecurityContextPersistenceFilter@522906a, org.springframework.security.web.header.HeaderWriterFilter@e6ce8f5, org.springframework.security.web.csrf.CsrfFilter@3ad494e0, org.springframework.security.web.authentication.logout.LogoutFilter@1ed09fc6, org.springframework.security.web.authentication.UsernamePasswordAuthenticationFilter@1c5c1162, org.springframework.security.web.savedrequest.RequestCacheAwareFilter@7838495d, org.springframework.security.web.servletapi.SecurityContextHolderAwareRequestFilter@57761f30, org.springframework.security.web.authentication.rememberme.RememberMeAuthenticationFilter@3b84bd5f, org.springframework.security.web.authentication.AnonymousAuthenticationFilter@7ddea788, org.springframework.security.web.session.SessionManagementFilter@56268cfe, org.springframework.security.web.access.ExceptionTranslationFilter@7808d091, org.springframework.security.web.access.intercept.FilterSecurityInterceptor@49c0ef6b]
2025-04-22 17:59:00.949  INFO 6776 --- [restartedMain] o.s.b.a.w.s.WelcomePageHandlerMapping    : Adding welcome page template: index
2025-04-22 17:59:01.701  INFO 6776 --- [restartedMain] o.s.b.d.a.OptionalLiveReloadServer       : LiveReload server is running on port 35729
2025-04-22 17:59:01.750  INFO 6776 --- [restartedMain] o.s.b.w.embedded.tomcat.TomcatWebServer  : Tomcat started on port(s): 8005 (http) with context path '/ShopmeAdmin'
2025-04-22 17:59:01.764  INFO 6776 --- [restartedMain] c.d.s.admin.ShopmeBackEndApplication     : Started ShopmeBackEndApplication in 6.595 seconds (JVM running for 7.632)
2025-04-22 18:00:59.980  INFO 6776 --- [http-nio-8005-exec-1] o.a.c.c.C.[.[localhost].[/ShopmeAdmin]   : Initializing Spring DispatcherServlet 'dispatcherServlet'
2025-04-22 18:00:59.981  INFO 6776 --- [http-nio-8005-exec-1] o.s.web.servlet.DispatcherServlet        : Initializing Servlet 'dispatcherServlet'
2025-04-22 18:00:59.982  INFO 6776 --- [http-nio-8005-exec-1] o.s.web.servlet.DispatcherServlet        : Completed initialization in 1 ms
2025-04-22 18:09:25.186  INFO 6776 --- [File Watcher] rtingClassPathChangeChangedEventListener : Restarting due to 1 class path change (0 additions, 0 deletions, 1 modification)
2025-04-22 18:09:25.194  INFO 6776 --- [Thread-5] o.apache.catalina.core.StandardService   : Stopping service [Tomcat]
2025-04-22 18:09:25.196  INFO 6776 --- [Thread-5] o.a.c.c.C.[.[localhost].[/ShopmeAdmin]   : Destroying Spring FrameworkServlet 'dispatcherServlet'
2025-04-22 18:09:25.211  WARN 6776 --- [Thread-5] o.a.c.c.C.[.[localhost].[/ShopmeAdmin]   : Cannot serialize session attribute [SPRING_SECURITY_CONTEXT] for session [10F641379DDA1D8BB0F0ED22998A530B]

java.io.NotSerializableException: com.dileep.shopme.common.entity.User
	at java.base/java.io.ObjectOutputStream.writeObject0(ObjectOutputStream.java:1200) ~[na:na]
	at java.base/java.io.ObjectOutputStream.defaultWriteFields(ObjectOutputStream.java:1585) ~[na:na]
	at java.base/java.io.ObjectOutputStream.writeSerialData(ObjectOutputStream.java:1542) ~[na:na]
	at java.base/java.io.ObjectOutputStream.writeOrdinaryObject(ObjectOutputStream.java:1451) ~[na:na]
	at java.base/java.io.ObjectOutputStream.writeObject0(ObjectOutputStream.java:1194) ~[na:na]
	at java.base/java.io.ObjectOutputStream.defaultWriteFields(ObjectOutputStream.java:1585) ~[na:na]
	at java.base/java.io.ObjectOutputStream.writeSerialData(ObjectOutputStream.java:1542) ~[na:na]
	at java.base/java.io.ObjectOutputStream.writeOrdinaryObject(ObjectOutputStream.java:1451) ~[na:na]
	at java.base/java.io.ObjectOutputStream.writeObject0(ObjectOutputStream.java:1194) ~[na:na]
	at java.base/java.io.ObjectOutputStream.defaultWriteFields(ObjectOutputStream.java:1585) ~[na:na]
	at java.base/java.io.ObjectOutputStream.writeSerialData(ObjectOutputStream.java:1542) ~[na:na]
	at java.base/java.io.ObjectOutputStream.writeOrdinaryObject(ObjectOutputStream.java:1451) ~[na:na]
	at java.base/java.io.ObjectOutputStream.writeObject0(ObjectOutputStream.java:1194) ~[na:na]
	at java.base/java.io.ObjectOutputStream.writeObject(ObjectOutputStream.java:358) ~[na:na]
	at org.apache.catalina.session.StandardSession.doWriteObject(StandardSession.java:1726) ~[tomcat-embed-core-9.0.65.jar:9.0.65]
	at org.apache.catalina.session.StandardSession.writeObjectData(StandardSession.java:1067) ~[tomcat-embed-core-9.0.65.jar:9.0.65]
	at org.apache.catalina.session.StandardManager.doUnload(StandardManager.java:317) ~[tomcat-embed-core-9.0.65.jar:9.0.65]
	at org.apache.catalina.session.StandardManager.unload(StandardManager.java:268) ~[tomcat-embed-core-9.0.65.jar:9.0.65]
	at org.apache.catalina.session.StandardManager.stopInternal(StandardManager.java:384) ~[tomcat-embed-core-9.0.65.jar:9.0.65]
	at org.apache.catalina.util.LifecycleBase.stop(LifecycleBase.java:257) ~[tomcat-embed-core-9.0.65.jar:9.0.65]
	at org.apache.catalina.core.StandardContext.stopInternal(StandardContext.java:5473) ~[tomcat-embed-core-9.0.65.jar:9.0.65]
	at org.apache.catalina.util.LifecycleBase.stop(LifecycleBase.java:257) ~[tomcat-embed-core-9.0.65.jar:9.0.65]
	at org.apache.catalina.core.ContainerBase$StopChild.call(ContainerBase.java:1412) ~[tomcat-embed-core-9.0.65.jar:9.0.65]
	at org.apache.catalina.core.ContainerBase$StopChild.call(ContainerBase.java:1401) ~[tomcat-embed-core-9.0.65.jar:9.0.65]
	at java.base/java.util.concurrent.FutureTask.run(FutureTask.java:317) ~[na:na]
	at org.apache.tomcat.util.threads.InlineExecutorService.execute(InlineExecutorService.java:75) ~[tomcat-embed-core-9.0.65.jar:9.0.65]
	at java.base/java.util.concurrent.AbstractExecutorService.submit(AbstractExecutorService.java:145) ~[na:na]
	at org.apache.catalina.core.ContainerBase.stopInternal(ContainerBase.java:986) ~[tomcat-embed-core-9.0.65.jar:9.0.65]
	at org.apache.catalina.util.LifecycleBase.stop(LifecycleBase.java:257) ~[tomcat-embed-core-9.0.65.jar:9.0.65]
	at org.apache.catalina.core.ContainerBase$StopChild.call(ContainerBase.java:1412) ~[tomcat-embed-core-9.0.65.jar:9.0.65]
	at org.apache.catalina.core.ContainerBase$StopChild.call(ContainerBase.java:1401) ~[tomcat-embed-core-9.0.65.jar:9.0.65]
	at java.base/java.util.concurrent.FutureTask.run(FutureTask.java:317) ~[na:na]
	at org.apache.tomcat.util.threads.InlineExecutorService.execute(InlineExecutorService.java:75) ~[tomcat-embed-core-9.0.65.jar:9.0.65]
	at java.base/java.util.concurrent.AbstractExecutorService.submit(AbstractExecutorService.java:145) ~[na:na]
	at org.apache.catalina.core.ContainerBase.stopInternal(ContainerBase.java:986) ~[tomcat-embed-core-9.0.65.jar:9.0.65]
	at org.apache.catalina.util.LifecycleBase.stop(LifecycleBase.java:257) ~[tomcat-embed-core-9.0.65.jar:9.0.65]
	at org.apache.catalina.core.StandardService.stopInternal(StandardService.java:497) ~[tomcat-embed-core-9.0.65.jar:9.0.65]
	at org.apache.catalina.util.LifecycleBase.stop(LifecycleBase.java:257) ~[tomcat-embed-core-9.0.65.jar:9.0.65]
	at org.apache.catalina.core.StandardServer.stopInternal(StandardServer.java:982) ~[tomcat-embed-core-9.0.65.jar:9.0.65]
	at org.apache.catalina.util.LifecycleBase.stop(LifecycleBase.java:257) ~[tomcat-embed-core-9.0.65.jar:9.0.65]
	at org.apache.catalina.startup.Tomcat.stop(Tomcat.java:496) ~[tomcat-embed-core-9.0.65.jar:9.0.65]
	at org.springframework.boot.web.embedded.tomcat.TomcatWebServer.stopTomcat(TomcatWebServer.java:273) ~[spring-boot-2.7.4.jar:2.7.4]
	at org.springframework.boot.web.embedded.tomcat.TomcatWebServer.stop(TomcatWebServer.java:331) ~[spring-boot-2.7.4.jar:2.7.4]
	at org.springframework.boot.web.servlet.context.WebServerStartStopLifecycle.stop(WebServerStartStopLifecycle.java:52) ~[spring-boot-2.7.4.jar:2.7.4]
	at org.springframework.context.SmartLifecycle.stop(SmartLifecycle.java:117) ~[spring-context-5.3.23.jar:5.3.23]
	at org.springframework.context.support.DefaultLifecycleProcessor.doStop(DefaultLifecycleProcessor.java:234) ~[spring-context-5.3.23.jar:5.3.23]
	at org.springframework.context.support.DefaultLifecycleProcessor.access$300(DefaultLifecycleProcessor.java:54) ~[spring-context-5.3.23.jar:5.3.23]
	at org.springframework.context.support.DefaultLifecycleProcessor$LifecycleGroup.stop(DefaultLifecycleProcessor.java:373) ~[spring-context-5.3.23.jar:5.3.23]
	at org.springframework.context.support.DefaultLifecycleProcessor.stopBeans(DefaultLifecycleProcessor.java:206) ~[spring-context-5.3.23.jar:5.3.23]
	at org.springframework.context.support.DefaultLifecycleProcessor.onClose(DefaultLifecycleProcessor.java:129) ~[spring-context-5.3.23.jar:5.3.23]
	at org.springframework.context.support.AbstractApplicationContext.doClose(AbstractApplicationContext.java:1067) ~[spring-context-5.3.23.jar:5.3.23]
	at org.springframework.boot.web.servlet.context.ServletWebServerApplicationContext.doClose(ServletWebServerApplicationContext.java:174) ~[spring-boot-2.7.4.jar:2.7.4]
	at org.springframework.context.support.AbstractApplicationContext.close(AbstractApplicationContext.java:1021) ~[spring-context-5.3.23.jar:5.3.23]
	at org.springframework.boot.devtools.restart.Restarter.stop(Restarter.java:309) ~[spring-boot-devtools-2.7.4.jar:2.7.4]
	at org.springframework.boot.devtools.restart.Restarter.lambda$restart$1(Restarter.java:251) ~[spring-boot-devtools-2.7.4.jar:2.7.4]
	at org.springframework.boot.devtools.restart.Restarter$LeakSafeThread.run(Restarter.java:629) ~[spring-boot-devtools-2.7.4.jar:2.7.4]

2025-04-22 18:09:25.218  INFO 6776 --- [Thread-5] j.LocalContainerEntityManagerFactoryBean : Closing JPA EntityManagerFactory for persistence unit 'default'
2025-04-22 18:09:25.220  INFO 6776 --- [Thread-5] com.zaxxer.hikari.HikariDataSource       : HikariPool-1 - Shutdown initiated...
2025-04-22 18:09:25.227  INFO 6776 --- [Thread-5] com.zaxxer.hikari.HikariDataSource       : HikariPool-1 - Shutdown completed.
